<?xml version="1.0" encoding="UTF-8" ?>
<testsuite tests="6" failures="0" name="orge.acme.test.LoggerApplicationTest" time="0.042" errors="0" skipped="0">
  <properties>
[...]
</properties>
  <testcase classname="orge.acme.test.LoggerApplicationTest" name="writeConsoleTypeError" time="0.036"/>
  <testcase classname="orge.acme.test.LoggerApplicationTest" name="writeConsoleTypeMessage" time="0.001"/>
  <testcase classname="orge.acme.test.LoggerApplicationTest" name="writeConsoleTypeWarning" time="0.002"/>
  <testcase classname="orge.acme.test.LoggerApplicationTest" name="writeFileTypeError" time="0.002"/>
  <testcase classname="orge.acme.test.LoggerApplicationTest" name="writeFileTypeMessage" time="0"/>
  <testcase classname="orge.acme.test.LoggerApplicationTest" name="writeFileTypeWarning" time="0.001"/>
</testsuite>